  main.cpp
C:\Users\Pun Punyawat\OneDrive\Desktop\SFML\SFML_Game\SFML_Game\main.cpp(61,12): warning C4244: 'argument': conversion from 'time_t' to 'unsigned int', possible loss of data
C:\Users\Pun Punyawat\OneDrive\Desktop\SFML\SFML_Game\SFML_Game\main.cpp(64,48): warning C4244: 'argument': conversion from 'float' to 'unsigned int', possible loss of data
C:\Users\Pun Punyawat\OneDrive\Desktop\SFML\SFML_Game\SFML_Game\main.cpp(64,40): warning C4244: 'argument': conversion from 'float' to 'unsigned int', possible loss of data
C:\Users\Pun Punyawat\OneDrive\Desktop\SFML\SFML_Game\SFML_Game\main.cpp(68,47): warning C4244: 'argument': conversion from 'T' to 'float', possible loss of data
          with
          [
              T=unsigned int
          ]
C:\Users\Pun Punyawat\OneDrive\Desktop\SFML\SFML_Game\SFML_Game\main.cpp(68,28): warning C4244: 'argument': conversion from 'T' to 'float', possible loss of data
          with
          [
              T=unsigned int
          ]
C:\Users\Pun Punyawat\OneDrive\Desktop\SFML\SFML_Game\SFML_Game\main.cpp(302,40): warning C4244: 'argument': conversion from 'int' to 'T', possible loss of data
          with
          [
              T=float
          ]
C:\Users\Pun Punyawat\OneDrive\Desktop\SFML\SFML_Game\SFML_Game\main.cpp(302,32): warning C4244: 'argument': conversion from 'int' to 'T', possible loss of data
          with
          [
              T=float
          ]
C:\Users\Pun Punyawat\OneDrive\Desktop\SFML\SFML_Game\SFML_Game\main.cpp(339,21): warning C4305: '-=': truncation from 'double' to 'float'
  SFML_Game.vcxproj -> C:\Users\Pun Punyawat\OneDrive\Desktop\SFML\SFML_Game\Debug\SFML_Game.exe
